SF:lib\features\auth\presentation\screens\signin_screen.dart
DA:12,4
DA:13,1
DA:17,2
DA:19,1
DA:21,3
DA:24,1
DA:34,2
DA:36,1
DA:37,1
DA:38,0
DA:39,1
DA:45,1
DA:47,1
DA:48,1
DA:57,1
DA:59,2
DA:60,2
DA:61,1
DA:64,1
DA:66,3
DA:67,4
DA:68,2
DA:69,2
DA:70,1
DA:73,4
DA:74,1
DA:75,0
DA:76,0
DA:80,1
DA:81,1
DA:82,1
DA:83,1
DA:85,1
DA:87,1
DA:88,1
DA:89,1
DA:91,1
DA:93,1
DA:95,3
DA:97,2
DA:98,1
DA:102,1
DA:104,1
DA:105,1
DA:107,2
DA:112,1
DA:114,1
DA:115,1
DA:118,2
DA:130,1
DA:132,1
DA:133,1
DA:134,1
DA:135,1
DA:136,1
DA:137,0
DA:138,0
DA:140,3
DA:143,1
DA:144,0
DA:147,1
DA:148,1
DA:153,2
DA:154,1
DA:160,1
DA:162,1
DA:164,1
DA:165,1
DA:166,3
DA:167,1
DA:168,3
DA:169,3
DA:173,1
DA:174,1
DA:177,1
DA:179,1
DA:182,4
DA:188,1
DA:189,1
DA:191,1
DA:193,3
DA:200,1
DA:202,1
DA:203,0
DA:206,1
DA:208,1
DA:209,1
DA:211,3
DA:218,1
DA:220,1
DA:221,3
DA:222,1
DA:223,0
DA:224,1
DA:225,1
DA:230,2
DA:231,1
DA:232,2
LF:98
LH:90
end_of_record
SF:lib\l10n\generated\app_localizations.dart
DA:65,3
DA:69,1
DA:70,1
DA:346,1
DA:348,1
DA:350,2
DA:353,1
DA:354,3
DA:356,0
DA:360,1
DA:364,1
DA:365,1
DA:366,2
DA:369,0
LF:14
LH:12
end_of_record
SF:lib\common\widget\getLogoWidget.dart
DA:6,1
DA:11,1
DA:12,1
DA:14,0
DA:19,1
LF:5
LH:4
end_of_record
SF:lib\core\utils\helpers\helpers.dart
DA:6,0
DA:7,0
DA:9,0
DA:10,0
DA:19,1
DA:20,3
LF:6
LH:2
end_of_record
SF:lib\core\utils\loggers\logger.dart
DA:21,3
DA:22,1
DA:25,0
DA:27,0
DA:30,1
DA:32,2
DA:35,0
DA:37,0
DA:40,0
DA:42,0
LF:10
LH:4
end_of_record
SF:lib\common\widget\input_form_field.dart
DA:7,1
DA:34,3
DA:36,1
DA:65,1
DA:66,1
DA:74,1
DA:76,3
DA:77,1
DA:80,1
DA:81,2
DA:82,1
DA:83,2
DA:84,1
DA:85,2
DA:86,3
DA:87,1
DA:89,1
DA:90,2
DA:92,2
DA:93,1
DA:94,2
DA:96,2
DA:97,2
DA:98,2
DA:99,2
DA:100,2
DA:104,2
DA:105,2
DA:106,5
DA:108,2
DA:109,1
DA:110,2
DA:111,2
DA:112,1
DA:113,1
DA:114,0
DA:115,0
DA:116,0
DA:120,1
DA:121,1
DA:122,2
DA:123,1
DA:124,1
DA:130,1
DA:131,0
DA:132,0
DA:133,0
DA:134,0
DA:135,0
DA:138,2
DA:143,1
DA:144,3
DA:147,2
DA:148,3
DA:153,1
DA:154,3
DA:155,0
DA:156,0
DA:159,1
DA:160,2
DA:163,1
DA:164,1
DA:165,0
DA:166,0
DA:167,0
DA:170,1
DA:171,1
DA:172,0
DA:181,1
DA:189,0
DA:193,0
LF:71
LH:55
end_of_record
SF:lib\core\services\routes\app_routes.dart
DA:3,0
LF:1
LH:0
end_of_record
SF:lib\core\utils\validators\validators.dart
DA:5,3
DA:13,1
DA:14,1
DA:15,1
DA:16,0
DA:18,2
DA:19,0
DA:37,1
DA:46,1
DA:48,1
DA:49,0
DA:51,2
DA:52,0
DA:54,2
DA:55,0
DA:57,2
DA:58,0
DA:61,2
DA:62,0
DA:64,1
DA:65,0
LF:21
LH:13
end_of_record
SF:lib\l10n\generated\app_localizations_bn.dart
DA:9,0
DA:11,0
DA:14,0
DA:17,0
DA:20,0
DA:23,0
DA:26,0
DA:29,0
DA:32,0
DA:35,0
DA:38,0
DA:41,0
DA:44,0
DA:47,0
DA:50,0
DA:53,0
DA:56,0
DA:59,0
DA:62,0
DA:65,0
DA:68,0
DA:71,0
DA:74,0
DA:77,0
DA:80,0
DA:83,0
DA:86,0
DA:89,0
DA:92,0
DA:95,0
DA:98,0
DA:101,0
DA:104,0
DA:107,0
DA:110,0
DA:113,0
DA:116,0
DA:119,0
DA:122,0
DA:125,0
DA:128,0
DA:131,0
LF:42
LH:0
end_of_record
SF:lib\l10n\generated\app_localizations_en.dart
DA:9,2
DA:11,1
DA:14,1
DA:17,1
DA:20,1
DA:23,1
DA:26,1
DA:29,1
DA:32,1
DA:35,1
DA:38,1
DA:41,1
DA:44,0
DA:47,0
DA:50,0
DA:53,0
DA:56,0
DA:59,0
DA:62,0
DA:65,0
DA:68,0
DA:71,0
DA:74,0
DA:77,0
DA:80,0
DA:83,0
DA:86,0
DA:89,0
DA:92,0
DA:95,0
DA:98,0
DA:101,0
DA:104,0
DA:107,0
DA:110,0
DA:113,0
DA:116,0
DA:119,0
DA:122,0
DA:125,0
DA:128,0
DA:131,0
LF:42
LH:12
end_of_record
