SF:lib\app.dart
DA:9,1
DA:11,1
DA:14,1
DA:16,1
DA:18,1
DA:20,1
DA:21,1
LF:7
LH:7
end_of_record
SF:lib\core\routes\route_generator.dart
DA:7,3
DA:9,1
DA:10,1
DA:12,1
DA:14,1
DA:16,0
DA:18,1
DA:20,0
LF:8
LH:6
end_of_record
SF:lib\core\utils\theme\app_theme.dart
DA:13,0
DA:15,1
DA:16,1
DA:18,2
DA:27,1
DA:28,1
DA:29,1
DA:30,1
DA:32,1
DA:34,1
DA:35,1
DA:40,1
DA:46,1
DA:47,1
DA:49,2
DA:58,1
DA:59,1
DA:60,1
DA:61,1
DA:63,1
DA:65,1
DA:66,1
DA:71,1
LF:23
LH:22
end_of_record
SF:lib\l10n\generated\app_localizations.dart
DA:65,3
DA:69,0
DA:70,0
DA:346,1
DA:348,1
DA:350,2
DA:353,1
DA:354,3
DA:356,0
DA:360,1
DA:364,1
DA:365,1
DA:366,2
DA:369,0
LF:14
LH:10
end_of_record
SF:lib\common\widget\getLogoWidget.dart
DA:6,1
DA:11,1
DA:12,1
DA:14,0
DA:19,1
LF:5
LH:4
end_of_record
SF:lib\core\utils\helpers\helpers.dart
DA:6,0
DA:7,0
DA:9,0
DA:10,0
DA:19,1
DA:20,3
LF:6
LH:2
end_of_record
SF:lib\core\utils\loggers\logger.dart
DA:21,3
DA:22,1
DA:25,0
DA:27,0
DA:30,1
DA:32,2
DA:35,0
DA:37,0
DA:40,0
DA:42,0
LF:10
LH:4
end_of_record
SF:lib\common\widget\input_form_field.dart
DA:7,0
DA:34,0
DA:36,0
DA:65,0
DA:66,0
DA:74,0
DA:76,0
DA:77,0
DA:80,0
DA:81,0
DA:82,0
DA:83,0
DA:84,0
DA:85,0
DA:86,0
DA:87,0
DA:89,0
DA:90,0
DA:92,0
DA:93,0
DA:94,0
DA:96,0
DA:97,0
DA:98,0
DA:99,0
DA:100,0
DA:104,0
DA:105,0
DA:106,0
DA:108,0
DA:109,0
DA:110,0
DA:111,0
DA:112,0
DA:113,0
DA:114,0
DA:115,0
DA:116,0
DA:120,0
DA:121,0
DA:122,0
DA:123,0
DA:124,0
DA:130,0
DA:131,0
DA:132,0
DA:133,0
DA:134,0
DA:135,0
DA:138,0
DA:143,0
DA:144,0
DA:147,0
DA:148,0
DA:153,0
DA:154,0
DA:155,0
DA:156,0
DA:159,0
DA:160,0
DA:163,0
DA:164,0
DA:165,0
DA:166,0
DA:167,0
DA:170,0
DA:171,0
DA:172,0
DA:181,1
DA:189,0
DA:193,0
LF:71
LH:1
end_of_record
SF:lib\core\routes\app_routes.dart
DA:3,0
LF:1
LH:0
end_of_record
SF:lib\features\auth\presentation\screens\login_screen.dart
DA:12,0
DA:13,0
DA:17,0
DA:19,0
DA:21,0
DA:24,0
DA:34,1
DA:36,0
DA:37,0
DA:38,0
DA:39,0
DA:45,1
DA:47,0
DA:48,0
DA:57,0
DA:59,0
DA:60,0
DA:61,0
DA:64,0
DA:66,0
DA:67,0
DA:68,0
DA:69,0
DA:70,0
DA:73,0
DA:74,0
DA:75,0
DA:76,0
DA:80,0
DA:81,0
DA:82,0
DA:83,0
DA:85,0
DA:87,0
DA:88,0
DA:89,0
DA:91,0
DA:93,0
DA:95,0
DA:97,0
DA:98,0
DA:102,0
DA:103,0
DA:104,0
DA:106,0
DA:111,0
DA:112,0
DA:113,0
DA:116,0
DA:128,0
DA:130,0
DA:131,0
DA:132,0
DA:133,0
DA:134,0
DA:135,0
DA:136,0
DA:138,0
DA:141,0
DA:142,0
DA:145,0
DA:146,0
DA:151,0
DA:152,0
DA:158,0
DA:160,0
DA:161,0
DA:162,0
DA:163,0
DA:164,0
DA:165,0
DA:166,0
DA:170,0
DA:171,0
DA:174,0
DA:176,0
DA:180,0
DA:185,0
DA:186,0
DA:188,0
DA:190,0
DA:197,0
DA:199,0
DA:200,0
DA:203,0
DA:205,0
DA:206,0
DA:208,0
DA:215,0
DA:217,0
DA:218,0
DA:219,0
DA:220,0
DA:221,0
DA:222,0
DA:227,0
DA:228,0
DA:229,0
LF:98
LH:2
end_of_record
SF:lib\features\auth\presentation\screens\signup_screen.dart
DA:11,1
DA:13,0
DA:14,0
DA:28,0
DA:30,0
DA:31,0
DA:32,0
DA:33,0
DA:34,0
DA:37,0
DA:39,0
DA:40,0
DA:41,0
DA:42,0
DA:43,0
DA:44,0
DA:46,0
DA:47,0
DA:48,0
DA:50,0
DA:52,0
DA:54,0
DA:56,0
DA:57,0
DA:58,0
DA:59,0
DA:62,0
DA:63,0
DA:68,0
DA:69,0
DA:70,0
DA:77,0
DA:78,0
DA:79,0
DA:80,0
DA:85,0
DA:86,0
DA:87,0
DA:88,0
DA:93,0
DA:94,0
DA:96,0
DA:97,0
DA:98,0
DA:99,0
DA:100,0
DA:103,0
DA:105,0
DA:107,0
DA:108,0
DA:109,0
DA:110,0
DA:112,0
DA:113,0
DA:116,0
DA:118,0
DA:119,0
DA:122,0
DA:123,0
DA:126,0
DA:127,0
DA:128,0
DA:131,0
DA:132,0
DA:142,0
DA:143,0
DA:144,0
DA:145,0
DA:146,0
DA:149,0
DA:151,0
DA:153,0
DA:154,0
DA:155,0
DA:156,0
DA:158,0
DA:159,0
DA:162,0
DA:164,0
DA:165,0
DA:168,0
DA:169,0
DA:172,0
DA:173,0
DA:174,0
DA:177,0
DA:178,0
DA:190,0
DA:191,0
DA:192,0
DA:195,0
DA:196,0
DA:197,0
DA:198,0
DA:204,0
DA:205,0
DA:206,0
DA:209,0
DA:210,0
DA:212,0
DA:213,0
DA:219,0
DA:220,0
DA:221,0
DA:224,0
DA:225,0
DA:226,0
DA:227,0
DA:228,0
DA:230,0
DA:231,0
DA:232,0
DA:234,0
DA:235,0
DA:236,0
DA:244,0
DA:245,0
DA:246,0
DA:249,0
DA:250,0
DA:251,0
DA:252,0
DA:253,0
DA:255,0
DA:256,0
DA:257,0
DA:259,0
DA:260,0
DA:261,0
DA:269,0
DA:271,0
DA:272,0
DA:273,0
DA:274,0
DA:277,0
DA:279,0
DA:280,0
DA:282,0
DA:283,0
DA:284,0
DA:285,0
DA:287,0
DA:288,0
DA:289,0
DA:293,0
DA:294,0
DA:295,0
DA:296,0
DA:297,0
DA:303,0
DA:310,0
DA:312,0
DA:313,0
DA:316,0
DA:317,0
DA:318,0
DA:324,0
DA:325,0
DA:327,0
DA:328,0
DA:329,0
DA:330,0
DA:332,0
DA:333,0
DA:334,0
DA:336,0
DA:341,0
DA:342,0
DA:343,0
DA:344,0
DA:353,0
DA:354,0
DA:356,0
DA:357,0
DA:358,0
DA:359,0
DA:362,0
DA:363,0
DA:366,0
DA:371,0
DA:372,0
DA:373,0
DA:376,0
DA:377,0
DA:378,0
DA:380,0
DA:381,0
DA:384,0
DA:389,0
DA:390,0
DA:391,0
LF:191
LH:1
end_of_record
SF:lib\features\splash\presentation\splash_screen.dart
DA:11,1
DA:13,1
DA:14,1
DA:22,1
DA:24,1
DA:25,1
DA:28,1
DA:29,2
DA:30,0
DA:31,0
DA:35,0
DA:36,0
DA:40,0
DA:41,0
DA:45,1
DA:47,1
DA:48,1
DA:49,1
DA:51,1
DA:52,1
DA:54,1
LF:21
LH:15
end_of_record
SF:lib\core\utils\theme\custom_themes\outlined_button_theme.dart
DA:4,0
DA:7,1
DA:8,1
DA:9,1
DA:13,1
DA:14,1
DA:21,1
DA:22,1
DA:23,1
DA:27,1
DA:28,1
LF:11
LH:10
end_of_record
SF:lib\core\utils\theme\custom_themes\text_theme.dart
DA:5,0
DA:7,1
DA:8,1
DA:9,1
DA:11,1
DA:13,1
DA:15,1
DA:17,1
DA:19,1
DA:21,1
DA:23,1
DA:25,1
DA:26,1
DA:27,1
DA:28,1
DA:29,1
DA:31,1
DA:33,1
DA:38,1
DA:39,1
DA:40,1
DA:42,1
DA:44,1
DA:46,1
DA:48,1
DA:50,1
DA:52,1
DA:54,1
DA:56,1
DA:57,1
DA:58,1
DA:59,1
DA:60,1
DA:62,1
DA:64,1
LF:35
LH:34
end_of_record
SF:lib\core\utils\theme\custom_themes\account_button_theme.dart
DA:10,1
DA:18,0
DA:26,0
DA:27,0
DA:28,0
DA:29,0
DA:30,0
DA:31,0
DA:35,0
DA:37,0
DA:38,0
DA:39,0
DA:40,0
DA:41,0
DA:42,0
DA:43,0
LF:16
LH:1
end_of_record
SF:lib\core\utils\theme\custom_themes\appbar_theme.dart
DA:5,0
LF:1
LH:0
end_of_record
SF:lib\core\utils\theme\custom_themes\elevated_button_theme.dart
DA:5,0
DA:8,1
DA:9,1
DA:10,1
DA:15,1
DA:22,1
DA:23,1
DA:30,1
DA:31,1
DA:32,1
DA:37,1
DA:44,1
DA:45,1
LF:13
LH:12
end_of_record
SF:lib\core\utils\theme\custom_themes\checkbox_theme.dart
DA:5,0
DA:8,1
DA:9,1
DA:10,2
DA:11,1
DA:12,0
DA:17,1
DA:18,0
DA:29,1
DA:30,1
DA:31,2
DA:32,1
DA:33,0
DA:38,1
DA:39,0
LF:15
LH:10
end_of_record
SF:lib\core\utils\theme\custom_themes\textfield_theme.dart
DA:5,0
DA:8,1
DA:9,1
DA:13,1
DA:14,1
DA:17,1
DA:18,1
DA:21,1
DA:22,1
DA:25,1
DA:26,1
DA:29,1
DA:30,1
DA:48,1
DA:49,1
DA:53,1
DA:54,1
DA:57,1
DA:58,1
DA:61,1
DA:62,1
DA:65,1
DA:66,1
DA:69,1
DA:70,1
LF:25
LH:24
end_of_record
SF:lib\core\utils\validators\validators.dart
DA:5,0
DA:13,0
DA:14,0
DA:15,0
DA:16,0
DA:18,0
DA:19,0
DA:37,0
DA:46,0
DA:48,0
DA:49,0
DA:51,0
DA:52,0
DA:54,0
DA:55,0
DA:57,0
DA:58,0
DA:61,0
DA:62,0
DA:64,0
DA:65,0
LF:21
LH:0
end_of_record
SF:lib\features\splash\data\repositories\splash_repository_impl.dart
DA:10,0
DA:12,0
DA:13,0
DA:15,0
LF:4
LH:0
end_of_record
SF:lib\features\splash\domain\usecases\check_app_initialization.dart
DA:6,1
DA:9,0
DA:10,0
LF:3
LH:1
end_of_record
SF:lib\l10n\generated\app_localizations_bn.dart
DA:7,0
DA:9,0
DA:12,0
DA:15,0
DA:18,0
DA:21,0
DA:24,0
DA:27,0
DA:30,0
DA:33,0
DA:36,0
DA:39,0
DA:42,0
DA:45,0
DA:48,0
DA:51,0
DA:54,0
DA:57,0
DA:60,0
DA:63,0
DA:66,0
DA:69,0
DA:72,0
DA:75,0
DA:78,0
DA:81,0
DA:84,0
DA:87,0
DA:90,0
DA:93,0
DA:96,0
DA:99,0
DA:102,0
DA:105,0
DA:108,0
DA:111,0
DA:114,0
DA:117,0
DA:120,0
DA:123,0
DA:126,0
DA:129,0
LF:42
LH:0
end_of_record
SF:lib\l10n\generated\app_localizations_en.dart
DA:7,2
DA:9,0
DA:12,0
DA:15,0
DA:18,0
DA:21,0
DA:24,0
DA:27,0
DA:30,0
DA:33,0
DA:36,0
DA:39,0
DA:42,0
DA:45,0
DA:48,0
DA:51,0
DA:54,0
DA:57,0
DA:60,0
DA:63,0
DA:66,0
DA:69,0
DA:72,0
DA:75,0
DA:78,0
DA:81,0
DA:84,0
DA:87,0
DA:90,0
DA:93,0
DA:96,0
DA:99,0
DA:102,0
DA:105,0
DA:108,0
DA:111,0
DA:114,0
DA:117,0
DA:120,0
DA:123,0
DA:126,0
DA:129,0
LF:42
LH:1
end_of_record
